<?xml version="1.0" encoding="utf-8"?>
<TestRun id="d0fffa77-a44e-409b-b222-040f654edc05" name="pedro@DESKTOP 2026-05-05 20:03:22" runUser="DESKTOP\pedro" xmlns="http://microsoft.com/schemas/VisualStudio/TeamTest/2010">
  <Times creation="2026-05-05T20:03:22.8537399-03:00" queuing="2026-05-05T20:03:22.8537403-03:00" start="2026-05-05T20:03:22.3679730-03:00" finish="2026-05-05T20:03:22.9280337-03:00" />
  <TestSettings name="default" id="50568256-17fe-4ea8-98f7-471c47111778">
    <Deployment runDeploymentRoot="pedro_DESKTOP_2026-05-05_20_03_22" />
  </TestSettings>
  <Results>
    <UnitTestResult executionId="d0b46916-10d1-485a-a57d-983507e4d4c9" testId="40cd0999-81c6-e86a-e629-5156a57681ef" testName="CDB.Tests.Domain.CdbCalculatorTests.Calculate_ShouldReturnCorrectGrossAndNetValue" computerName="DESKTOP" duration="00:00:00.0238332" startTime="2026-05-05T20:03:22.8768824-03:00" endTime="2026-05-05T20:03:22.8768827-03:00" testType="13cdc9d9-ddb5-4fa4-a97d-d965ccfc6d4b" outcome="Failed" testListId="8c84fa94-04c1-424b-9868-57a2d4851a1d" relativeResultsDirectory="d0b46916-10d1-485a-a57d-983507e4d4c9">
      <Output>
        <ErrorInfo>
          <Message>Expected result.GrossValue to be 1019.54M, but found 1019.53M (difference of -0.01).</Message>
          <StackTrace>   at FluentAssertions.Numeric.NumericAssertionsBase`3.Be(T expected, String because, Object[] becauseArgs)&#xD;
   at CDB.Tests.Domain.CdbCalculatorTests.Calculate_ShouldReturnCorrectGrossAndNetValue() in C:\PROJETOS\Teste\CDB.Tests\Domain\CdbCalculatorTests.cs:line 62&#xD;
   at System.RuntimeMethodHandle.InvokeMethod(Object target, Void** arguments, Signature sig, Boolean isConstructor)&#xD;
   at System.Reflection.MethodBaseInvoker.InvokeWithNoArgs(Object obj, BindingFlags invokeAttr)</StackTrace>
        </ErrorInfo>
      </Output>
    </UnitTestResult>
    <UnitTestResult executionId="8e52e435-75c5-4563-87cf-dec133a58038" testId="456a9a9f-7408-7308-0f2b-14117e562d63" testName="CDB.Tests.Application.CalculateCdbQueryHandlerTests.Handle_ShouldReturnCalculateCdbResult_WhenProvidingValidQuery" computerName="DESKTOP" duration="00:00:00.0542911" startTime="2026-05-05T20:03:22.8479208-03:00" endTime="2026-05-05T20:03:22.8479210-03:00" testType="13cdc9d9-ddb5-4fa4-a97d-d965ccfc6d4b" outcome="Passed" testListId="8c84fa94-04c1-424b-9868-57a2d4851a1d" relativeResultsDirectory="8e52e435-75c5-4563-87cf-dec133a58038" />
    <UnitTestResult executionId="b704e415-4582-4394-9704-c4ad3fc5838f" testId="4186a279-f422-5876-4371-b779e954bcf9" testName="CDB.Tests.Domain.TaxCalculatorTests.GetTaxRate_ShouldReturnExpectedRate_BasedOnMonths(months: 6, expectedTaxRate: 0,225)" computerName="DESKTOP" duration="00:00:00.0000045" startTime="2026-05-05T20:03:22.8114115-03:00" endTime="2026-05-05T20:03:22.8114115-03:00" testType="13cdc9d9-ddb5-4fa4-a97d-d965ccfc6d4b" outcome="Passed" testListId="8c84fa94-04c1-424b-9868-57a2d4851a1d" relativeResultsDirectory="b704e415-4582-4394-9704-c4ad3fc5838f" />
    <UnitTestResult executionId="aa852f20-f022-4823-a513-0e9637f4e6ef" testId="6ee5fa22-2ce0-6349-75f5-066bdb1f362c" testName="CDB.Tests.Domain.TaxCalculatorTests.GetTaxRate_ShouldReturnExpectedRate_BasedOnMonths(months: 25, expectedTaxRate: 0,15)" computerName="DESKTOP" duration="00:00:00.0000019" startTime="2026-05-05T20:03:22.8114304-03:00" endTime="2026-05-05T20:03:22.8114304-03:00" testType="13cdc9d9-ddb5-4fa4-a97d-d965ccfc6d4b" outcome="Passed" testListId="8c84fa94-04c1-424b-9868-57a2d4851a1d" relativeResultsDirectory="aa852f20-f022-4823-a513-0e9637f4e6ef" />
    <UnitTestResult executionId="88f94bd7-1be2-48c2-bc66-bf2e3f3ce4c2" testId="02c28f92-8ae2-da15-7158-9ba728f197e7" testName="CDB.Tests.Domain.TaxCalculatorTests.GetTaxRate_ShouldReturnExpectedRate_BasedOnMonths(months: 12, expectedTaxRate: 0,2)" computerName="DESKTOP" duration="00:00:00.0000018" startTime="2026-05-05T20:03:22.8114851-03:00" endTime="2026-05-05T20:03:22.8114851-03:00" testType="13cdc9d9-ddb5-4fa4-a97d-d965ccfc6d4b" outcome="Passed" testListId="8c84fa94-04c1-424b-9868-57a2d4851a1d" relativeResultsDirectory="88f94bd7-1be2-48c2-bc66-bf2e3f3ce4c2" />
    <UnitTestResult executionId="61af4ef5-0766-44bc-9852-da36def24dbb" testId="3d4a5aa7-309e-27ff-78b4-4dceafae21b3" testName="CDB.Tests.Domain.TaxCalculatorTests.GetTaxRate_ShouldReturnExpectedRate_BasedOnMonths(months: 13, expectedTaxRate: 0,175)" computerName="DESKTOP" duration="00:00:00.0002143" startTime="2026-05-05T20:03:22.8111991-03:00" endTime="2026-05-05T20:03:22.8111992-03:00" testType="13cdc9d9-ddb5-4fa4-a97d-d965ccfc6d4b" outcome="Passed" testListId="8c84fa94-04c1-424b-9868-57a2d4851a1d" relativeResultsDirectory="61af4ef5-0766-44bc-9852-da36def24dbb" />
    <UnitTestResult executionId="e3051ccd-4bca-4325-9b07-a58b1bccb754" testId="24a4ece8-576b-0735-b964-de301783c9cd" testName="CDB.Tests.Domain.TaxCalculatorTests.GetTaxRate_ShouldReturnExpectedRate_BasedOnMonths(months: 7, expectedTaxRate: 0,2)" computerName="DESKTOP" duration="00:00:00.0000043" startTime="2026-05-05T20:03:22.8114698-03:00" endTime="2026-05-05T20:03:22.8114698-03:00" testType="13cdc9d9-ddb5-4fa4-a97d-d965ccfc6d4b" outcome="Passed" testListId="8c84fa94-04c1-424b-9868-57a2d4851a1d" relativeResultsDirectory="e3051ccd-4bca-4325-9b07-a58b1bccb754" />
    <UnitTestResult executionId="53a8f84e-bf2e-4bcd-96ee-91eccde6a335" testId="073c759d-996d-9764-3892-c6fae8f1846b" testName="CDB.Tests.Domain.TaxCalculatorTests.GetTaxRate_ShouldReturnExpectedRate_BasedOnMonths(months: 2, expectedTaxRate: 0,225)" computerName="DESKTOP" duration="00:00:00.0000013" startTime="2026-05-05T20:03:22.8114450-03:00" endTime="2026-05-05T20:03:22.8114450-03:00" testType="13cdc9d9-ddb5-4fa4-a97d-d965ccfc6d4b" outcome="Passed" testListId="8c84fa94-04c1-424b-9868-57a2d4851a1d" relativeResultsDirectory="53a8f84e-bf2e-4bcd-96ee-91eccde6a335" />
    <UnitTestResult executionId="75dd3005-1449-470d-8139-ab40e6f16f67" testId="70af1dd4-07f4-082f-a233-4dde95113c35" testName="CDB.Tests.Domain.CdbCalculatorTests.Calculate_ShouldThrowArgumentException_WhenMonthsIsOneOrLess" computerName="DESKTOP" duration="00:00:00.0015892" startTime="2026-05-05T20:03:22.8485379-03:00" endTime="2026-05-05T20:03:22.8485383-03:00" testType="13cdc9d9-ddb5-4fa4-a97d-d965ccfc6d4b" outcome="Passed" testListId="8c84fa94-04c1-424b-9868-57a2d4851a1d" relativeResultsDirectory="75dd3005-1449-470d-8139-ab40e6f16f67" />
    <UnitTestResult executionId="ff85129a-d7c3-429f-992f-cdd25d04eef4" testId="8ab1ce90-5193-e060-d7f4-ec27eb510293" testName="CDB.Tests.Domain.TaxCalculatorTests.GetTaxRate_ShouldReturnExpectedRate_BasedOnMonths(months: 36, expectedTaxRate: 0,15)" computerName="DESKTOP" duration="00:00:00.0113921" startTime="2026-05-05T20:03:22.8090870-03:00" endTime="2026-05-05T20:03:22.8091000-03:00" testType="13cdc9d9-ddb5-4fa4-a97d-d965ccfc6d4b" outcome="Passed" testListId="8c84fa94-04c1-424b-9868-57a2d4851a1d" relativeResultsDirectory="ff85129a-d7c3-429f-992f-cdd25d04eef4" />
    <UnitTestResult executionId="6bb053a7-21b9-4a1e-898b-943422bba5ae" testId="9b1e8821-a047-e6d6-59b6-93662c29c67c" testName="CDB.Tests.Domain.CdbCalculatorTests.Calculate_ShouldThrowArgumentException_WhenInitialValueIsZeroOrLess" computerName="DESKTOP" duration="00:00:00.0532330" startTime="2026-05-05T20:03:22.8468829-03:00" endTime="2026-05-05T20:03:22.8468833-03:00" testType="13cdc9d9-ddb5-4fa4-a97d-d965ccfc6d4b" outcome="Passed" testListId="8c84fa94-04c1-424b-9868-57a2d4851a1d" relativeResultsDirectory="6bb053a7-21b9-4a1e-898b-943422bba5ae" />
    <UnitTestResult executionId="9c5851f8-653e-4964-9254-395dda36b737" testId="a42e1faf-5670-337a-d200-9e14b7e28852" testName="CDB.Tests.Domain.TaxCalculatorTests.GetTaxRate_ShouldReturnExpectedRate_BasedOnMonths(months: 24, expectedTaxRate: 0,175)" computerName="DESKTOP" duration="00:00:00.0000014" startTime="2026-05-05T20:03:22.8317074-03:00" endTime="2026-05-05T20:03:22.8317075-03:00" testType="13cdc9d9-ddb5-4fa4-a97d-d965ccfc6d4b" outcome="Passed" testListId="8c84fa94-04c1-424b-9868-57a2d4851a1d" relativeResultsDirectory="9c5851f8-653e-4964-9254-395dda36b737" />
  </Results>
  <TestDefinitions>
    <UnitTest name="CDB.Tests.Domain.TaxCalculatorTests.GetTaxRate_ShouldReturnExpectedRate_BasedOnMonths(months: 2, expectedTaxRate: 0,225)" storage="c:\projetos\teste\cdb.tests\bin\debug\net8.0\cdb.tests.dll" id="073c759d-996d-9764-3892-c6fae8f1846b">
      <Execution id="53a8f84e-bf2e-4bcd-96ee-91eccde6a335" />
      <TestMethod codeBase="C:\PROJETOS\Teste\CDB.Tests\bin\Debug\net8.0\CDB.Tests.dll" adapterTypeName="executor://xunit/VsTestRunner2/netcoreapp" className="CDB.Tests.Domain.TaxCalculatorTests" name="GetTaxRate_ShouldReturnExpectedRate_BasedOnMonths" />
    </UnitTest>
    <UnitTest name="CDB.Tests.Domain.TaxCalculatorTests.GetTaxRate_ShouldReturnExpectedRate_BasedOnMonths(months: 24, expectedTaxRate: 0,175)" storage="c:\projetos\teste\cdb.tests\bin\debug\net8.0\cdb.tests.dll" id="a42e1faf-5670-337a-d200-9e14b7e28852">
      <Execution id="9c5851f8-653e-4964-9254-395dda36b737" />
      <TestMethod codeBase="C:\PROJETOS\Teste\CDB.Tests\bin\Debug\net8.0\CDB.Tests.dll" adapterTypeName="executor://xunit/VsTestRunner2/netcoreapp" className="CDB.Tests.Domain.TaxCalculatorTests" name="GetTaxRate_ShouldReturnExpectedRate_BasedOnMonths" />
    </UnitTest>
    <UnitTest name="CDB.Tests.Domain.TaxCalculatorTests.GetTaxRate_ShouldReturnExpectedRate_BasedOnMonths(months: 36, expectedTaxRate: 0,15)" storage="c:\projetos\teste\cdb.tests\bin\debug\net8.0\cdb.tests.dll" id="8ab1ce90-5193-e060-d7f4-ec27eb510293">
      <Execution id="ff85129a-d7c3-429f-992f-cdd25d04eef4" />
      <TestMethod codeBase="C:\PROJETOS\Teste\CDB.Tests\bin\Debug\net8.0\CDB.Tests.dll" adapterTypeName="executor://xunit/VsTestRunner2/netcoreapp" className="CDB.Tests.Domain.TaxCalculatorTests" name="GetTaxRate_ShouldReturnExpectedRate_BasedOnMonths" />
    </UnitTest>
    <UnitTest name="CDB.Tests.Application.CalculateCdbQueryHandlerTests.Handle_ShouldReturnCalculateCdbResult_WhenProvidingValidQuery" storage="c:\projetos\teste\cdb.tests\bin\debug\net8.0\cdb.tests.dll" id="456a9a9f-7408-7308-0f2b-14117e562d63">
      <Execution id="8e52e435-75c5-4563-87cf-dec133a58038" />
      <TestMethod codeBase="C:\PROJETOS\Teste\CDB.Tests\bin\Debug\net8.0\CDB.Tests.dll" adapterTypeName="executor://xunit/VsTestRunner2/netcoreapp" className="CDB.Tests.Application.CalculateCdbQueryHandlerTests" name="Handle_ShouldReturnCalculateCdbResult_WhenProvidingValidQuery" />
    </UnitTest>
    <UnitTest name="CDB.Tests.Domain.TaxCalculatorTests.GetTaxRate_ShouldReturnExpectedRate_BasedOnMonths(months: 25, expectedTaxRate: 0,15)" storage="c:\projetos\teste\cdb.tests\bin\debug\net8.0\cdb.tests.dll" id="6ee5fa22-2ce0-6349-75f5-066bdb1f362c">
      <Execution id="aa852f20-f022-4823-a513-0e9637f4e6ef" />
      <TestMethod codeBase="C:\PROJETOS\Teste\CDB.Tests\bin\Debug\net8.0\CDB.Tests.dll" adapterTypeName="executor://xunit/VsTestRunner2/netcoreapp" className="CDB.Tests.Domain.TaxCalculatorTests" name="GetTaxRate_ShouldReturnExpectedRate_BasedOnMonths" />
    </UnitTest>
    <UnitTest name="CDB.Tests.Domain.CdbCalculatorTests.Calculate_ShouldReturnCorrectGrossAndNetValue" storage="c:\projetos\teste\cdb.tests\bin\debug\net8.0\cdb.tests.dll" id="40cd0999-81c6-e86a-e629-5156a57681ef">
      <Execution id="d0b46916-10d1-485a-a57d-983507e4d4c9" />
      <TestMethod codeBase="C:\PROJETOS\Teste\CDB.Tests\bin\Debug\net8.0\CDB.Tests.dll" adapterTypeName="executor://xunit/VsTestRunner2/netcoreapp" className="CDB.Tests.Domain.CdbCalculatorTests" name="Calculate_ShouldReturnCorrectGrossAndNetValue" />
    </UnitTest>
    <UnitTest name="CDB.Tests.Domain.TaxCalculatorTests.GetTaxRate_ShouldReturnExpectedRate_BasedOnMonths(months: 7, expectedTaxRate: 0,2)" storage="c:\projetos\teste\cdb.tests\bin\debug\net8.0\cdb.tests.dll" id="24a4ece8-576b-0735-b964-de301783c9cd">
      <Execution id="e3051ccd-4bca-4325-9b07-a58b1bccb754" />
      <TestMethod codeBase="C:\PROJETOS\Teste\CDB.Tests\bin\Debug\net8.0\CDB.Tests.dll" adapterTypeName="executor://xunit/VsTestRunner2/netcoreapp" className="CDB.Tests.Domain.TaxCalculatorTests" name="GetTaxRate_ShouldReturnExpectedRate_BasedOnMonths" />
    </UnitTest>
    <UnitTest name="CDB.Tests.Domain.TaxCalculatorTests.GetTaxRate_ShouldReturnExpectedRate_BasedOnMonths(months: 13, expectedTaxRate: 0,175)" storage="c:\projetos\teste\cdb.tests\bin\debug\net8.0\cdb.tests.dll" id="3d4a5aa7-309e-27ff-78b4-4dceafae21b3">
      <Execution id="61af4ef5-0766-44bc-9852-da36def24dbb" />
      <TestMethod codeBase="C:\PROJETOS\Teste\CDB.Tests\bin\Debug\net8.0\CDB.Tests.dll" adapterTypeName="executor://xunit/VsTestRunner2/netcoreapp" className="CDB.Tests.Domain.TaxCalculatorTests" name="GetTaxRate_ShouldReturnExpectedRate_BasedOnMonths" />
    </UnitTest>
    <UnitTest name="CDB.Tests.Domain.CdbCalculatorTests.Calculate_ShouldThrowArgumentException_WhenMonthsIsOneOrLess" storage="c:\projetos\teste\cdb.tests\bin\debug\net8.0\cdb.tests.dll" id="70af1dd4-07f4-082f-a233-4dde95113c35">
      <Execution id="75dd3005-1449-470d-8139-ab40e6f16f67" />
      <TestMethod codeBase="C:\PROJETOS\Teste\CDB.Tests\bin\Debug\net8.0\CDB.Tests.dll" adapterTypeName="executor://xunit/VsTestRunner2/netcoreapp" className="CDB.Tests.Domain.CdbCalculatorTests" name="Calculate_ShouldThrowArgumentException_WhenMonthsIsOneOrLess" />
    </UnitTest>
    <UnitTest name="CDB.Tests.Domain.TaxCalculatorTests.GetTaxRate_ShouldReturnExpectedRate_BasedOnMonths(months: 6, expectedTaxRate: 0,225)" storage="c:\projetos\teste\cdb.tests\bin\debug\net8.0\cdb.tests.dll" id="4186a279-f422-5876-4371-b779e954bcf9">
      <Execution id="b704e415-4582-4394-9704-c4ad3fc5838f" />
      <TestMethod codeBase="C:\PROJETOS\Teste\CDB.Tests\bin\Debug\net8.0\CDB.Tests.dll" adapterTypeName="executor://xunit/VsTestRunner2/netcoreapp" className="CDB.Tests.Domain.TaxCalculatorTests" name="GetTaxRate_ShouldReturnExpectedRate_BasedOnMonths" />
    </UnitTest>
    <UnitTest name="CDB.Tests.Domain.CdbCalculatorTests.Calculate_ShouldThrowArgumentException_WhenInitialValueIsZeroOrLess" storage="c:\projetos\teste\cdb.tests\bin\debug\net8.0\cdb.tests.dll" id="9b1e8821-a047-e6d6-59b6-93662c29c67c">
      <Execution id="6bb053a7-21b9-4a1e-898b-943422bba5ae" />
      <TestMethod codeBase="C:\PROJETOS\Teste\CDB.Tests\bin\Debug\net8.0\CDB.Tests.dll" adapterTypeName="executor://xunit/VsTestRunner2/netcoreapp" className="CDB.Tests.Domain.CdbCalculatorTests" name="Calculate_ShouldThrowArgumentException_WhenInitialValueIsZeroOrLess" />
    </UnitTest>
    <UnitTest name="CDB.Tests.Domain.TaxCalculatorTests.GetTaxRate_ShouldReturnExpectedRate_BasedOnMonths(months: 12, expectedTaxRate: 0,2)" storage="c:\projetos\teste\cdb.tests\bin\debug\net8.0\cdb.tests.dll" id="02c28f92-8ae2-da15-7158-9ba728f197e7">
      <Execution id="88f94bd7-1be2-48c2-bc66-bf2e3f3ce4c2" />
      <TestMethod codeBase="C:\PROJETOS\Teste\CDB.Tests\bin\Debug\net8.0\CDB.Tests.dll" adapterTypeName="executor://xunit/VsTestRunner2/netcoreapp" className="CDB.Tests.Domain.TaxCalculatorTests" name="GetTaxRate_ShouldReturnExpectedRate_BasedOnMonths" />
    </UnitTest>
  </TestDefinitions>
  <TestEntries>
    <TestEntry testId="40cd0999-81c6-e86a-e629-5156a57681ef" executionId="d0b46916-10d1-485a-a57d-983507e4d4c9" testListId="8c84fa94-04c1-424b-9868-57a2d4851a1d" />
    <TestEntry testId="456a9a9f-7408-7308-0f2b-14117e562d63" executionId="8e52e435-75c5-4563-87cf-dec133a58038" testListId="8c84fa94-04c1-424b-9868-57a2d4851a1d" />
    <TestEntry testId="4186a279-f422-5876-4371-b779e954bcf9" executionId="b704e415-4582-4394-9704-c4ad3fc5838f" testListId="8c84fa94-04c1-424b-9868-57a2d4851a1d" />
    <TestEntry testId="6ee5fa22-2ce0-6349-75f5-066bdb1f362c" executionId="aa852f20-f022-4823-a513-0e9637f4e6ef" testListId="8c84fa94-04c1-424b-9868-57a2d4851a1d" />
    <TestEntry testId="02c28f92-8ae2-da15-7158-9ba728f197e7" executionId="88f94bd7-1be2-48c2-bc66-bf2e3f3ce4c2" testListId="8c84fa94-04c1-424b-9868-57a2d4851a1d" />
    <TestEntry testId="3d4a5aa7-309e-27ff-78b4-4dceafae21b3" executionId="61af4ef5-0766-44bc-9852-da36def24dbb" testListId="8c84fa94-04c1-424b-9868-57a2d4851a1d" />
    <TestEntry testId="24a4ece8-576b-0735-b964-de301783c9cd" executionId="e3051ccd-4bca-4325-9b07-a58b1bccb754" testListId="8c84fa94-04c1-424b-9868-57a2d4851a1d" />
    <TestEntry testId="073c759d-996d-9764-3892-c6fae8f1846b" executionId="53a8f84e-bf2e-4bcd-96ee-91eccde6a335" testListId="8c84fa94-04c1-424b-9868-57a2d4851a1d" />
    <TestEntry testId="70af1dd4-07f4-082f-a233-4dde95113c35" executionId="75dd3005-1449-470d-8139-ab40e6f16f67" testListId="8c84fa94-04c1-424b-9868-57a2d4851a1d" />
    <TestEntry testId="8ab1ce90-5193-e060-d7f4-ec27eb510293" executionId="ff85129a-d7c3-429f-992f-cdd25d04eef4" testListId="8c84fa94-04c1-424b-9868-57a2d4851a1d" />
    <TestEntry testId="9b1e8821-a047-e6d6-59b6-93662c29c67c" executionId="6bb053a7-21b9-4a1e-898b-943422bba5ae" testListId="8c84fa94-04c1-424b-9868-57a2d4851a1d" />
    <TestEntry testId="a42e1faf-5670-337a-d200-9e14b7e28852" executionId="9c5851f8-653e-4964-9254-395dda36b737" testListId="8c84fa94-04c1-424b-9868-57a2d4851a1d" />
  </TestEntries>
  <TestLists>
    <TestList name="Resultados que não estão em uma lista" id="8c84fa94-04c1-424b-9868-57a2d4851a1d" />
    <TestList name="Todos os resultados carregados" id="19431567-8539-422a-85d7-44ee4e166bda" />
  </TestLists>
  <ResultSummary outcome="Failed">
    <Counters total="12" executed="12" passed="11" failed="1" error="0" timeout="0" aborted="0" inconclusive="0" passedButRunAborted="0" notRunnable="0" notExecuted="0" disconnected="0" warning="0" completed="0" inProgress="0" pending="0" />
    <Output>
      <StdOut>[xUnit.net 00:00:00.00] xUnit.net VSTest Adapter v2.5.3.1+6b60a9e56a (64-bit .NET 8.0.23)&#xD;
[xUnit.net 00:00:00.05]   Discovering: CDB.Tests&#xD;
[xUnit.net 00:00:00.09]   Discovered:  CDB.Tests&#xD;
[xUnit.net 00:00:00.09]   Starting:    CDB.Tests&#xD;
     Warning:&#xD;
     The component "Fluent Assertions" is governed by the rules defined in the Xceed License Agreement and&#xD;
     the Xceed Fluent Assertions Community License. You may use Fluent Assertions free of charge for&#xD;
     non-commercial use only. An active subscription is required to use Fluent Assertions for commercial use.&#xD;
     Please contact Xceed Sales mailto:sales@xceed.com to acquire a subscription at a very low cost.&#xD;
     A paid commercial license supports the development and continued increasing support of&#xD;
     Fluent Assertions users under both commercial and community licenses. Help us&#xD;
     keep Fluent Assertions at the forefront of unit testing.&#xD;
     For more information, visit https://xceed.com/products/unit-testing/fluent-assertions/&#xD;
[xUnit.net 00:00:00.20]       Expected result.GrossValue to be 1019.54M, but found 1019.53M (difference of -0.01).&#xD;
[xUnit.net 00:00:00.20]       Stack Trace:&#xD;
[xUnit.net 00:00:00.20]            at FluentAssertions.Numeric.NumericAssertionsBase`3.Be(T expected, String because, Object[] becauseArgs)&#xD;
[xUnit.net 00:00:00.20]         C:\PROJETOS\Teste\CDB.Tests\Domain\CdbCalculatorTests.cs(62,0): at CDB.Tests.Domain.CdbCalculatorTests.Calculate_ShouldReturnCorrectGrossAndNetValue()&#xD;
[xUnit.net 00:00:00.20]            at System.RuntimeMethodHandle.InvokeMethod(Object target, Void** arguments, Signature sig, Boolean isConstructor)&#xD;
[xUnit.net 00:00:00.20]            at System.Reflection.MethodBaseInvoker.InvokeWithNoArgs(Object obj, BindingFlags invokeAttr)&#xD;
[xUnit.net 00:00:00.20]   Finished:    CDB.Tests&#xD;
</StdOut>
    </Output>
    <RunInfos>
      <RunInfo computerName="DESKTOP" outcome="Error" timestamp="2026-05-05T20:03:22.8755734-03:00">
        <Text>[xUnit.net 00:00:00.20]     CDB.Tests.Domain.CdbCalculatorTests.Calculate_ShouldReturnCorrectGrossAndNetValue [FAIL]</Text>
      </RunInfo>
    </RunInfos>
  </ResultSummary>
</TestRun>